Performing C SOURCE FILE Test CMAKE_HAVE_LIBC_PTHREAD failed with the following output:
Change Dir: /home/daniel/Merlin13-666/workspace/projects/lab-7/_builds/CMakeFiles/CMakeTmp

Run Build Command(s):/usr/bin/gmake cmTC_22b97/fast && /usr/bin/gmake -f CMakeFiles/cmTC_22b97.dir/build.make CMakeFiles/cmTC_22b97.dir/build
gmake[1]: вход в каталог «/home/daniel/Merlin13-666/workspace/projects/lab-7/_builds/CMakeFiles/CMakeTmp»
Building C object CMakeFiles/cmTC_22b97.dir/src.c.o
/usr/bin/cc   -DCMAKE_HAVE_LIBC_PTHREAD   -o CMakeFiles/cmTC_22b97.dir/src.c.o   -c /home/daniel/Merlin13-666/workspace/projects/lab-7/_builds/CMakeFiles/CMakeTmp/src.c
Linking C executable cmTC_22b97
/usr/bin/cmake -E cmake_link_script CMakeFiles/cmTC_22b97.dir/link.txt --verbose=1
/usr/bin/cc  -DCMAKE_HAVE_LIBC_PTHREAD    CMakeFiles/cmTC_22b97.dir/src.c.o  -o cmTC_22b97 
/usr/bin/ld: CMakeFiles/cmTC_22b97.dir/src.c.o: в функции «main»:
src.c:(.text+0x46): неопределённая ссылка на «pthread_create»
/usr/bin/ld: src.c:(.text+0x52): неопределённая ссылка на «pthread_detach»
/usr/bin/ld: src.c:(.text+0x63): неопределённая ссылка на «pthread_join»
collect2: error: ld returned 1 exit status
gmake[1]: *** [CMakeFiles/cmTC_22b97.dir/build.make:87: cmTC_22b97] Ошибка 1
gmake[1]: выход из каталога «/home/daniel/Merlin13-666/workspace/projects/lab-7/_builds/CMakeFiles/CMakeTmp»
gmake: *** [Makefile:121: cmTC_22b97/fast] Ошибка 2


Source file was:
#include <pthread.h>

void* test_func(void* data)
{
  return data;
}

int main(void)
{
  pthread_t thread;
  pthread_create(&thread, NULL, test_func, NULL);
  pthread_detach(thread);
  pthread_join(thread, NULL);
  pthread_atfork(NULL, NULL, NULL);
  pthread_exit(NULL);

  return 0;
}

Determining if the function pthread_create exists in the pthreads failed with the following output:
Change Dir: /home/daniel/Merlin13-666/workspace/projects/lab-7/_builds/CMakeFiles/CMakeTmp

Run Build Command(s):/usr/bin/gmake cmTC_686eb/fast && /usr/bin/gmake -f CMakeFiles/cmTC_686eb.dir/build.make CMakeFiles/cmTC_686eb.dir/build
gmake[1]: вход в каталог «/home/daniel/Merlin13-666/workspace/projects/lab-7/_builds/CMakeFiles/CMakeTmp»
Building C object CMakeFiles/cmTC_686eb.dir/CheckFunctionExists.c.o
/usr/bin/cc   -DCHECK_FUNCTION_EXISTS=pthread_create   -o CMakeFiles/cmTC_686eb.dir/CheckFunctionExists.c.o   -c /usr/share/cmake-3.16/Modules/CheckFunctionExists.c
Linking C executable cmTC_686eb
/usr/bin/cmake -E cmake_link_script CMakeFiles/cmTC_686eb.dir/link.txt --verbose=1
/usr/bin/cc  -DCHECK_FUNCTION_EXISTS=pthread_create    CMakeFiles/cmTC_686eb.dir/CheckFunctionExists.c.o  -o cmTC_686eb  -lpthreads 
/usr/bin/ld: невозможно найти -lpthreads
collect2: error: ld returned 1 exit status
gmake[1]: *** [CMakeFiles/cmTC_686eb.dir/build.make:87: cmTC_686eb] Ошибка 1
gmake[1]: выход из каталога «/home/daniel/Merlin13-666/workspace/projects/lab-7/_builds/CMakeFiles/CMakeTmp»
gmake: *** [Makefile:121: cmTC_686eb/fast] Ошибка 2



